0 info it worked if it ends with ok
1 verbose cli [ '/usr/local/bin/node',
1 verbose cli   '/usr/local/bin/npm',
1 verbose cli   'install',
1 verbose cli   'https://github.com/snorpey/glitch-canvas',
1 verbose cli   '--save' ]
2 info using npm@1.4.28
3 info using node@v0.10.36
4 warn package.json 1bit@1.0.0 No README data
5 warn package.json esprima@2.6.0 scripts['tests'] should probably be scripts['test'].
6 verbose readDependencies using package.json deps
7 verbose cache add [ 'https://github.com/snorpey/glitch-canvas', null ]
8 verbose cache add name=undefined spec="https://github.com/snorpey/glitch-canvas" args=["https://github.com/snorpey/glitch-canvas",null]
9 verbose parsed url { protocol: 'https:',
9 verbose parsed url   slashes: true,
9 verbose parsed url   auth: null,
9 verbose parsed url   host: 'github.com',
9 verbose parsed url   port: null,
9 verbose parsed url   hostname: 'github.com',
9 verbose parsed url   hash: null,
9 verbose parsed url   search: null,
9 verbose parsed url   query: null,
9 verbose parsed url   pathname: '/snorpey/glitch-canvas',
9 verbose parsed url   path: '/snorpey/glitch-canvas',
9 verbose parsed url   href: 'https://github.com/snorpey/glitch-canvas' }
10 silly lockFile b7a37ff0-github-com-snorpey-glitch-canvas https://github.com/snorpey/glitch-canvas
11 verbose lock https://github.com/snorpey/glitch-canvas /Users/iwillinc/.npm/b7a37ff0-github-com-snorpey-glitch-canvas.lock
12 verbose addRemoteTarball [ 'https://github.com/snorpey/glitch-canvas', null ]
13 info retry fetch attempt 1 at 16:59:48
14 verbose fetch to= /var/folders/_2/_rg3mc_n45d8cps6lypj9s540000gn/T/npm-23517-HeCOyFcc/github.com/snorpey/glitch-canvas
15 http GET https://github.com/snorpey/glitch-canvas
16 http 200 https://github.com/snorpey/glitch-canvas
17 verbose tar unpack /var/folders/_2/_rg3mc_n45d8cps6lypj9s540000gn/T/npm-23517-HeCOyFcc/github.com/snorpey/glitch-canvas
18 silly lockFile ea7cfaae-com-snorpey-glitch-canvas-unpack tar:///var/folders/_2/_rg3mc_n45d8cps6lypj9s540000gn/T/npm-23517-HeCOyFcc/github.com/snorpey/glitch-canvas-unpack
19 verbose lock tar:///var/folders/_2/_rg3mc_n45d8cps6lypj9s540000gn/T/npm-23517-HeCOyFcc/github.com/snorpey/glitch-canvas-unpack /Users/iwillinc/.npm/ea7cfaae-com-snorpey-glitch-canvas-unpack.lock
20 silly lockFile a4855847-github-com-snorpey-glitch-canvas tar:///var/folders/_2/_rg3mc_n45d8cps6lypj9s540000gn/T/npm-23517-HeCOyFcc/github.com/snorpey/glitch-canvas
21 verbose lock tar:///var/folders/_2/_rg3mc_n45d8cps6lypj9s540000gn/T/npm-23517-HeCOyFcc/github.com/snorpey/glitch-canvas /Users/iwillinc/.npm/a4855847-github-com-snorpey-glitch-canvas.lock
22 silly gunzTarPerm modes [ '755', '644' ]
23 error not a package /var/folders/_2/_rg3mc_n45d8cps6lypj9s540000gn/T/npm-23517-HeCOyFcc/github.com/snorpey/glitch-canvas
24 silly lockFile ea7cfaae-com-snorpey-glitch-canvas-unpack tar:///var/folders/_2/_rg3mc_n45d8cps6lypj9s540000gn/T/npm-23517-HeCOyFcc/github.com/snorpey/glitch-canvas-unpack
25 silly lockFile ea7cfaae-com-snorpey-glitch-canvas-unpack tar:///var/folders/_2/_rg3mc_n45d8cps6lypj9s540000gn/T/npm-23517-HeCOyFcc/github.com/snorpey/glitch-canvas-unpack
26 silly lockFile a4855847-github-com-snorpey-glitch-canvas tar:///var/folders/_2/_rg3mc_n45d8cps6lypj9s540000gn/T/npm-23517-HeCOyFcc/github.com/snorpey/glitch-canvas
27 silly lockFile a4855847-github-com-snorpey-glitch-canvas tar:///var/folders/_2/_rg3mc_n45d8cps6lypj9s540000gn/T/npm-23517-HeCOyFcc/github.com/snorpey/glitch-canvas
28 silly lockFile b7a37ff0-github-com-snorpey-glitch-canvas https://github.com/snorpey/glitch-canvas
29 silly lockFile b7a37ff0-github-com-snorpey-glitch-canvas https://github.com/snorpey/glitch-canvas
30 error Error: ENOENT, open '/var/folders/_2/_rg3mc_n45d8cps6lypj9s540000gn/T/npm-23517-HeCOyFcc/github.com/snorpey/glitch-canvas-unpack/package.json'
31 error If you need help, you may report this *entire* log,
31 error including the npm and node versions, at:
31 error     <http://github.com/npm/npm/issues>
32 error System Darwin 14.5.0
33 error command "/usr/local/bin/node" "/usr/local/bin/npm" "install" "https://github.com/snorpey/glitch-canvas" "--save"
34 error cwd /Users/iwillinc/repos/1bit
35 error node -v v0.10.36
36 error npm -v 1.4.28
37 error path /var/folders/_2/_rg3mc_n45d8cps6lypj9s540000gn/T/npm-23517-HeCOyFcc/github.com/snorpey/glitch-canvas-unpack/package.json
38 error code ENOENT
39 error errno 34
40 verbose exit [ 34, true ]
